<?xml version="1.0" encoding="UTF-8"?>
<testng-results ignored="0" total="3" passed="3" failed="0" skipped="0">
  <reporter-output>
  </reporter-output>
  <suite started-at="2025-01-03T11:45:26Z" name="Suite" finished-at="2025-01-03T11:45:46Z" duration-ms="20649">
    <groups>
    </groups>
    <test started-at="2025-01-03T11:45:26Z" name="Navigate to home page" finished-at="2025-01-03T11:45:46Z" duration-ms="20649">
      <class name="Tests.NewUserRegistration">
        <test-method is-config="true" signature="testInit(java.lang.String, java.lang.String)[pri:0, instance:Tests.NewUserRegistration@5ffead27]" started-at="2025-01-03T11:45:26Z" name="testInit" finished-at="2025-01-03T11:45:28Z" duration-ms="2483" status="PASS">
          <params>
            <param index="0">
              <value>
                <![CDATA[edge]]>
              </value>
            </param>
            <param index="1">
              <value>
                <![CDATA[true]]>
              </value>
            </param>
          </params>
          <reporter-output>
          </reporter-output>
        </test-method> <!-- testInit -->
        <test-method signature="navigateToHomepage()[pri:0, instance:Tests.NewUserRegistration@5ffead27]" started-at="2025-01-03T11:45:28Z" name="navigateToHomepage" description="Navigate to home page" finished-at="2025-01-03T11:45:33Z" duration-ms="5173" status="PASS">
          <reporter-output>
          </reporter-output>
        </test-method> <!-- navigateToHomepage -->
        <test-method is-config="true" signature="testCleanup()[pri:0, instance:Tests.NewUserRegistration@5ffead27]" started-at="2025-01-03T11:45:33Z" name="testCleanup" finished-at="2025-01-03T11:45:35Z" duration-ms="1283" status="PASS">
          <reporter-output>
          </reporter-output>
        </test-method> <!-- testCleanup -->
        <test-method is-config="true" signature="testInit(java.lang.String, java.lang.String)[pri:0, instance:Tests.NewUserRegistration@5ffead27]" started-at="2025-01-03T11:45:35Z" name="testInit" finished-at="2025-01-03T11:45:36Z" duration-ms="935" status="PASS">
          <params>
            <param index="0">
              <value>
                <![CDATA[edge]]>
              </value>
            </param>
            <param index="1">
              <value>
                <![CDATA[true]]>
              </value>
            </param>
          </params>
          <reporter-output>
          </reporter-output>
        </test-method> <!-- testInit -->
        <test-method signature="navigateToUserSignupPage()[pri:0, instance:Tests.NewUserRegistration@5ffead27]" started-at="2025-01-03T11:45:36Z" name="navigateToUserSignupPage" description="Navigate to user signup page" finished-at="2025-01-03T11:45:39Z" duration-ms="3474" status="PASS">
          <reporter-output>
          </reporter-output>
        </test-method> <!-- navigateToUserSignupPage -->
        <test-method is-config="true" signature="testCleanup()[pri:0, instance:Tests.NewUserRegistration@5ffead27]" started-at="2025-01-03T11:45:39Z" name="testCleanup" finished-at="2025-01-03T11:45:40Z" duration-ms="1307" status="PASS">
          <reporter-output>
          </reporter-output>
        </test-method> <!-- testCleanup -->
        <test-method is-config="true" signature="testInit(java.lang.String, java.lang.String)[pri:0, instance:Tests.NewUserRegistration@5ffead27]" started-at="2025-01-03T11:45:40Z" name="testInit" finished-at="2025-01-03T11:45:41Z" duration-ms="728" status="PASS">
          <params>
            <param index="0">
              <value>
                <![CDATA[edge]]>
              </value>
            </param>
            <param index="1">
              <value>
                <![CDATA[true]]>
              </value>
            </param>
          </params>
          <reporter-output>
          </reporter-output>
        </test-method> <!-- testInit -->
        <test-method signature="returnBacktoHomePage()[pri:0, instance:Tests.NewUserRegistration@5ffead27]" started-at="2025-01-03T11:45:41Z" name="returnBacktoHomePage" description="returnBacktoHomePage" finished-at="2025-01-03T11:45:45Z" duration-ms="3704" status="PASS">
          <reporter-output>
          </reporter-output>
        </test-method> <!-- returnBacktoHomePage -->
        <test-method is-config="true" signature="testCleanup()[pri:0, instance:Tests.NewUserRegistration@5ffead27]" started-at="2025-01-03T11:45:45Z" name="testCleanup" finished-at="2025-01-03T11:45:46Z" duration-ms="1291" status="PASS">
          <reporter-output>
          </reporter-output>
        </test-method> <!-- testCleanup -->
      </class> <!-- Tests.NewUserRegistration -->
    </test> <!-- Navigate to home page -->
  </suite> <!-- Suite -->
</testng-results>
