<?xml version="1.0" encoding="UTF-8"?>
<!-- Generated by org.testng.reporters.JUnitXMLReporter -->
<testsuite ignored="0" hostname="Manoj" failures="1" tests="3" name="Navigate to home page" time="29.548" errors="0" timestamp="03 Jan 2025 10:04:55 GMT">
  <testcase classname="Tests.NewUserRegistration" name="navigateToHomepage" time="6.793"/>
  <testcase classname="Tests.NewUserRegistration" name="navigateToUserSignupPage" time="7.692"/>
  <testcase classname="Tests.NewUserRegistration" name="registerNewUser" time="6.345">
    <failure type="java.lang.AssertionError" message="expected [My Account] but found [Create New Customer Account]">
      <![CDATA[java.lang.AssertionError: expected [My Account] but found [Create New Customer Account]
at Tests.NewUserRegistration.registerNewUser(NewUserRegistration.java:44)
... Removed 29 stack frames]]>
    </failure>
  </testcase> <!-- registerNewUser -->
</testsuite> <!-- Navigate to home page -->
