<?xml version="1.0" encoding="UTF-8"?>
<!-- Generated by org.testng.reporters.JUnitXMLReporter -->
<testsuite ignored="0" hostname="Manoj" failures="0" tests="3" name="Navigate to home page" time="20.649" errors="0" timestamp="03 Jan 2025 11:45:46 GMT">
  <testcase classname="Tests.NewUserRegistration" name="navigateToHomepage" time="5.173"/>
  <testcase classname="Tests.NewUserRegistration" name="navigateToUserSignupPage" time="3.474"/>
  <testcase classname="Tests.NewUserRegistration" name="returnBacktoHomePage" time="3.704"/>
</testsuite> <!-- Navigate to home page -->
