<?xml version="1.0" encoding="UTF-8"?>
<!-- Generated by org.testng.reporters.JUnitXMLReporter -->
<testsuite ignored="0" hostname="Manoj" failures="0" tests="3" name="Test" time="0.264" errors="0" timestamp="03 Jan 2025 09:02:48 GMT">
  <testcase classname="Tests.BaseTest" name="@BeforeMethod testInit" time="0.0">
    <failure type="org.testng.TestNGException" message="
Parameter &amp;apos;browser&amp;apos; is required by BeforeMethod on method testInit but has not been marked @Optional or defined
in C:\Users\HP\OneDrive\Desktop\DivslyAutFW\Divslyfw\testng.xml">
      <![CDATA[org.testng.TestNGException: 
Parameter 'browser' is required by BeforeMethod on method testInit but has not been marked @Optional or defined
in C:\Users\HP\OneDrive\Desktop\DivslyAutFW\Divslyfw\testng.xml
... Removed 25 stack frames]]>
    </failure>
  </testcase> <!-- @BeforeMethod testInit -->
  <testcase classname="Tests.BaseTest" name="@AfterMethod testCleanup" time="0.0">
    <skipped/>
  </testcase> <!-- @AfterMethod testCleanup -->
  <testcase classname="Tests.BaseTest" name="@BeforeMethod testInit" time="0.0">
    <skipped/>
  </testcase> <!-- @BeforeMethod testInit -->
  <testcase classname="Tests.BaseTest" name="@AfterMethod testCleanup" time="0.0">
    <skipped/>
  </testcase> <!-- @AfterMethod testCleanup -->
  <testcase classname="Tests.BaseTest" name="@BeforeMethod testInit" time="0.0">
    <skipped/>
  </testcase> <!-- @BeforeMethod testInit -->
  <testcase classname="Tests.BaseTest" name="@AfterMethod testCleanup" time="0.0">
    <skipped/>
  </testcase> <!-- @AfterMethod testCleanup -->
  <testcase classname="Tests.NewUserRegistration" name="navigateToHomepage" time="0.0">
    <skipped/>
  </testcase> <!-- navigateToHomepage -->
  <testcase classname="Tests.NewUserRegistration" name="navigateToUserSignupPage" time="0.0">
    <skipped/>
  </testcase> <!-- navigateToUserSignupPage -->
  <testcase classname="Tests.NewUserRegistration" name="registerNewUser" time="0.0">
    <skipped/>
  </testcase> <!-- registerNewUser -->
</testsuite> <!-- Test -->
